  Authenticator.cpp
  Database.cpp
  Laptop.cpp
C:\Users\Asus\Desktop\SI-FMI-2019\OOP\OOP_practicum_homework1\OOP_practicum_homework1\MainFolder\Laptop.cpp(93,6): warning C4101: 'ramMemory': unreferenced local variable
  Order.cpp
  Phone.cpp
  Printer.cpp
  Product.cpp
  Shop.cpp
C:\Users\Asus\Desktop\SI-FMI-2019\OOP\OOP_practicum_homework1\OOP_practicum_homework1\MainFolder\Shop.cpp(323,1): error C2511: 'bool Shop::isAuthorized(std::string)': overloaded member function not found in 'Shop'
C:\Users\Asus\Desktop\SI-FMI-2019\OOP\OOP_practicum_homework1\OOP_practicum_homework1\MainFolder\Shop.h(13): message : see declaration of 'Shop'
C:\Users\Asus\Desktop\SI-FMI-2019\OOP\OOP_practicum_homework1\OOP_practicum_homework1\MainFolder\Shop.cpp(324,5): error C2671: 'Shop::isAuthorized': static member functions do not have 'this' pointers
C:\Users\Asus\Desktop\SI-FMI-2019\OOP\OOP_practicum_homework1\OOP_practicum_homework1\MainFolder\Shop.cpp(473,7): error C2664: 'int strcmp(const char *,const char *)': cannot convert argument 1 from 'std::string' to 'const char *'
C:\Users\Asus\Desktop\SI-FMI-2019\OOP\OOP_practicum_homework1\OOP_practicum_homework1\MainFolder\Shop.cpp(473,37): message : No user-defined-conversion operator available that can perform this conversion, or the operator cannot be called
C:\Program Files (x86)\Windows Kits\10\Include\10.0.18362.0\ucrt\string.h(100,13): message : see declaration of 'strcmp'
  ShoppingCart.cpp
C:\Users\Asus\Desktop\SI-FMI-2019\OOP\OOP_practicum_homework1\OOP_practicum_homework1\MainFolder\ShoppingCart.cpp(4,10): warning C4067: unexpected tokens following preprocessor directive - expected a newline
  Source.cpp
C:\Users\Asus\Desktop\SI-FMI-2019\OOP\OOP_practicum_homework1\OOP_practicum_homework1\MainFolder\Source.cpp(28,2): error C2672: 'getline': no matching overloaded function found
C:\Users\Asus\Desktop\SI-FMI-2019\OOP\OOP_practicum_homework1\OOP_practicum_homework1\MainFolder\Source.cpp(28,25): error C2780: 'std::basic_istream<_Elem,_Traits> &std::getline(std::basic_istream<_Elem,_Traits> &,std::basic_string<_Elem,_Traits,_Alloc> &)': expects 2 arguments - 3 provided
C:\Program Files (x86)\Microsoft Visual Studio\2019\Community\VC\Tools\MSVC\14.25.28610\include\string(82): message : see declaration of 'std::getline'
C:\Users\Asus\Desktop\SI-FMI-2019\OOP\OOP_practicum_homework1\OOP_practicum_homework1\MainFolder\Source.cpp(28,25): error C2782: 'std::basic_istream<_Elem,_Traits> &std::getline(std::basic_istream<_Elem,_Traits> &,std::basic_string<_Elem,_Traits,_Alloc> &,const _Elem)': template parameter '_Elem' is ambiguous
C:\Program Files (x86)\Microsoft Visual Studio\2019\Community\VC\Tools\MSVC\14.25.28610\include\string(76): message : see declaration of 'std::getline'
C:\Users\Asus\Desktop\SI-FMI-2019\OOP\OOP_practicum_homework1\OOP_practicum_homework1\MainFolder\Source.cpp(28,25): message : could be 'int'
C:\Users\Asus\Desktop\SI-FMI-2019\OOP\OOP_practicum_homework1\OOP_practicum_homework1\MainFolder\Source.cpp(28,25): message : or       'char'
C:\Users\Asus\Desktop\SI-FMI-2019\OOP\OOP_practicum_homework1\OOP_practicum_homework1\MainFolder\Source.cpp(28,25): error C2784: 'std::basic_istream<_Elem,_Traits> &std::getline(std::basic_istream<_Elem,_Traits> &,std::basic_string<_Elem,_Traits,_Alloc> &,const _Elem)': could not deduce template argument for 'const _Elem' from 'int'
C:\Program Files (x86)\Microsoft Visual Studio\2019\Community\VC\Tools\MSVC\14.25.28610\include\string(76): message : see declaration of 'std::getline'
C:\Users\Asus\Desktop\SI-FMI-2019\OOP\OOP_practicum_homework1\OOP_practicum_homework1\MainFolder\Source.cpp(28,25): error C2780: 'std::basic_istream<_Elem,_Traits> &std::getline(std::basic_istream<_Elem,_Traits> &&,std::basic_string<_Elem,_Traits,_Alloc> &)': expects 2 arguments - 3 provided
C:\Program Files (x86)\Microsoft Visual Studio\2019\Community\VC\Tools\MSVC\14.25.28610\include\string(70): message : see declaration of 'std::getline'
C:\Users\Asus\Desktop\SI-FMI-2019\OOP\OOP_practicum_homework1\OOP_practicum_homework1\MainFolder\Source.cpp(28,25): error C2782: 'std::basic_istream<_Elem,_Traits> &std::getline(std::basic_istream<_Elem,_Traits> &&,std::basic_string<_Elem,_Traits,_Alloc> &,const _Elem)': template parameter '_Elem' is ambiguous
C:\Program Files (x86)\Microsoft Visual Studio\2019\Community\VC\Tools\MSVC\14.25.28610\include\string(27): message : see declaration of 'std::getline'
C:\Users\Asus\Desktop\SI-FMI-2019\OOP\OOP_practicum_homework1\OOP_practicum_homework1\MainFolder\Source.cpp(28,25): message : could be 'int'
C:\Users\Asus\Desktop\SI-FMI-2019\OOP\OOP_practicum_homework1\OOP_practicum_homework1\MainFolder\Source.cpp(28,25): message : or       'char'
C:\Users\Asus\Desktop\SI-FMI-2019\OOP\OOP_practicum_homework1\OOP_practicum_homework1\MainFolder\Source.cpp(28,25): error C2784: 'std::basic_istream<_Elem,_Traits> &std::getline(std::basic_istream<_Elem,_Traits> &&,std::basic_string<_Elem,_Traits,_Alloc> &,const _Elem)': could not deduce template argument for 'const _Elem' from 'int'
C:\Program Files (x86)\Microsoft Visual Studio\2019\Community\VC\Tools\MSVC\14.25.28610\include\string(27): message : see declaration of 'std::getline'
C:\Users\Asus\Desktop\SI-FMI-2019\OOP\OOP_practicum_homework1\OOP_practicum_homework1\MainFolder\Source.cpp(157,11): error C2664: 'int strcmp(const char *,const char *)': cannot convert argument 1 from 'std::string' to 'const char *'
C:\Users\Asus\Desktop\SI-FMI-2019\OOP\OOP_practicum_homework1\OOP_practicum_homework1\MainFolder\Source.cpp(157,19): message : No user-defined-conversion operator available that can perform this conversion, or the operator cannot be called
C:\Program Files (x86)\Windows Kits\10\Include\10.0.18362.0\ucrt\string.h(100,13): message : see declaration of 'strcmp'
C:\Users\Asus\Desktop\SI-FMI-2019\OOP\OOP_practicum_homework1\OOP_practicum_homework1\MainFolder\Source.cpp(168,11): error C2664: 'int strcmp(const char *,const char *)': cannot convert argument 1 from 'std::string' to 'const char *'
C:\Users\Asus\Desktop\SI-FMI-2019\OOP\OOP_practicum_homework1\OOP_practicum_homework1\MainFolder\Source.cpp(168,19): message : No user-defined-conversion operator available that can perform this conversion, or the operator cannot be called
C:\Program Files (x86)\Windows Kits\10\Include\10.0.18362.0\ucrt\string.h(100,13): message : see declaration of 'strcmp'
C:\Users\Asus\Desktop\SI-FMI-2019\OOP\OOP_practicum_homework1\OOP_practicum_homework1\MainFolder\Source.cpp(195,3): error C2672: 'getline': no matching overloaded function found
C:\Users\Asus\Desktop\SI-FMI-2019\OOP\OOP_practicum_homework1\OOP_practicum_homework1\MainFolder\Source.cpp(195,26): error C2780: 'std::basic_istream<_Elem,_Traits> &std::getline(std::basic_istream<_Elem,_Traits> &,std::basic_string<_Elem,_Traits,_Alloc> &)': expects 2 arguments - 3 provided
C:\Program Files (x86)\Microsoft Visual Studio\2019\Community\VC\Tools\MSVC\14.25.28610\include\string(82): message : see declaration of 'std::getline'
C:\Users\Asus\Desktop\SI-FMI-2019\OOP\OOP_practicum_homework1\OOP_practicum_homework1\MainFolder\Source.cpp(195,26): error C2782: 'std::basic_istream<_Elem,_Traits> &std::getline(std::basic_istream<_Elem,_Traits> &,std::basic_string<_Elem,_Traits,_Alloc> &,const _Elem)': template parameter '_Elem' is ambiguous
C:\Program Files (x86)\Microsoft Visual Studio\2019\Community\VC\Tools\MSVC\14.25.28610\include\string(76): message : see declaration of 'std::getline'
C:\Users\Asus\Desktop\SI-FMI-2019\OOP\OOP_practicum_homework1\OOP_practicum_homework1\MainFolder\Source.cpp(195,26): message : could be 'int'
C:\Users\Asus\Desktop\SI-FMI-2019\OOP\OOP_practicum_homework1\OOP_practicum_homework1\MainFolder\Source.cpp(195,26): message : or       'char'
C:\Users\Asus\Desktop\SI-FMI-2019\OOP\OOP_practicum_homework1\OOP_practicum_homework1\MainFolder\Source.cpp(195,26): error C2784: 'std::basic_istream<_Elem,_Traits> &std::getline(std::basic_istream<_Elem,_Traits> &,std::basic_string<_Elem,_Traits,_Alloc> &,const _Elem)': could not deduce template argument for 'const _Elem' from 'int'
C:\Program Files (x86)\Microsoft Visual Studio\2019\Community\VC\Tools\MSVC\14.25.28610\include\string(76): message : see declaration of 'std::getline'
C:\Users\Asus\Desktop\SI-FMI-2019\OOP\OOP_practicum_homework1\OOP_practicum_homework1\MainFolder\Source.cpp(195,26): error C2780: 'std::basic_istream<_Elem,_Traits> &std::getline(std::basic_istream<_Elem,_Traits> &&,std::basic_string<_Elem,_Traits,_Alloc> &)': expects 2 arguments - 3 provided
C:\Program Files (x86)\Microsoft Visual Studio\2019\Community\VC\Tools\MSVC\14.25.28610\include\string(70): message : see declaration of 'std::getline'
C:\Users\Asus\Desktop\SI-FMI-2019\OOP\OOP_practicum_homework1\OOP_practicum_homework1\MainFolder\Source.cpp(195,26): error C2782: 'std::basic_istream<_Elem,_Traits> &std::getline(std::basic_istream<_Elem,_Traits> &&,std::basic_string<_Elem,_Traits,_Alloc> &,const _Elem)': template parameter '_Elem' is ambiguous
C:\Program Files (x86)\Microsoft Visual Studio\2019\Community\VC\Tools\MSVC\14.25.28610\include\string(27): message : see declaration of 'std::getline'
C:\Users\Asus\Desktop\SI-FMI-2019\OOP\OOP_practicum_homework1\OOP_practicum_homework1\MainFolder\Source.cpp(195,26): message : could be 'int'
C:\Users\Asus\Desktop\SI-FMI-2019\OOP\OOP_practicum_homework1\OOP_practicum_homework1\MainFolder\Source.cpp(195,26): message : or       'char'
C:\Users\Asus\Desktop\SI-FMI-2019\OOP\OOP_practicum_homework1\OOP_practicum_homework1\MainFolder\Source.cpp(195,26): error C2784: 'std::basic_istream<_Elem,_Traits> &std::getline(std::basic_istream<_Elem,_Traits> &&,std::basic_string<_Elem,_Traits,_Alloc> &,const _Elem)': could not deduce template argument for 'const _Elem' from 'int'
C:\Program Files (x86)\Microsoft Visual Studio\2019\Community\VC\Tools\MSVC\14.25.28610\include\string(27): message : see declaration of 'std::getline'
C:\Users\Asus\Desktop\SI-FMI-2019\OOP\OOP_practicum_homework1\OOP_practicum_homework1\MainFolder\Source.cpp(197,6): error C2664: 'int strcmp(const char *,const char *)': cannot convert argument 1 from 'std::string' to 'const char *'
C:\Users\Asus\Desktop\SI-FMI-2019\OOP\OOP_practicum_homework1\OOP_practicum_homework1\MainFolder\Source.cpp(197,14): message : No user-defined-conversion operator available that can perform this conversion, or the operator cannot be called
C:\Program Files (x86)\Windows Kits\10\Include\10.0.18362.0\ucrt\string.h(100,13): message : see declaration of 'strcmp'
C:\Users\Asus\Desktop\SI-FMI-2019\OOP\OOP_practicum_homework1\OOP_practicum_homework1\MainFolder\Source.cpp(204,11): error C2664: 'int strcmp(const char *,const char *)': cannot convert argument 1 from 'std::string' to 'const char *'
C:\Users\Asus\Desktop\SI-FMI-2019\OOP\OOP_practicum_homework1\OOP_practicum_homework1\MainFolder\Source.cpp(204,19): message : No user-defined-conversion operator available that can perform this conversion, or the operator cannot be called
C:\Program Files (x86)\Windows Kits\10\Include\10.0.18362.0\ucrt\string.h(100,13): message : see declaration of 'strcmp'
C:\Users\Asus\Desktop\SI-FMI-2019\OOP\OOP_practicum_homework1\OOP_practicum_homework1\MainFolder\Source.cpp(213,11): error C2664: 'int strcmp(const char *,const char *)': cannot convert argument 1 from 'std::string' to 'const char *'
C:\Users\Asus\Desktop\SI-FMI-2019\OOP\OOP_practicum_homework1\OOP_practicum_homework1\MainFolder\Source.cpp(213,19): message : No user-defined-conversion operator available that can perform this conversion, or the operator cannot be called
C:\Program Files (x86)\Windows Kits\10\Include\10.0.18362.0\ucrt\string.h(100,13): message : see declaration of 'strcmp'
C:\Users\Asus\Desktop\SI-FMI-2019\OOP\OOP_practicum_homework1\OOP_practicum_homework1\MainFolder\Source.cpp(228,11): error C2664: 'int strcmp(const char *,const char *)': cannot convert argument 1 from 'std::string' to 'const char *'
C:\Users\Asus\Desktop\SI-FMI-2019\OOP\OOP_practicum_homework1\OOP_practicum_homework1\MainFolder\Source.cpp(228,19): message : No user-defined-conversion operator available that can perform this conversion, or the operator cannot be called
C:\Program Files (x86)\Windows Kits\10\Include\10.0.18362.0\ucrt\string.h(100,13): message : see declaration of 'strcmp'
C:\Users\Asus\Desktop\SI-FMI-2019\OOP\OOP_practicum_homework1\OOP_practicum_homework1\MainFolder\Source.cpp(256,3): error C2672: 'getline': no matching overloaded function found
C:\Users\Asus\Desktop\SI-FMI-2019\OOP\OOP_practicum_homework1\OOP_practicum_homework1\MainFolder\Source.cpp(256,27): error C2780: 'std::basic_istream<_Elem,_Traits> &std::getline(std::basic_istream<_Elem,_Traits> &,std::basic_string<_Elem,_Traits,_Alloc> &)': expects 2 arguments - 3 provided
C:\Program Files (x86)\Microsoft Visual Studio\2019\Community\VC\Tools\MSVC\14.25.28610\include\string(82): message : see declaration of 'std::getline'
C:\Users\Asus\Desktop\SI-FMI-2019\OOP\OOP_practicum_homework1\OOP_practicum_homework1\MainFolder\Source.cpp(256,27): error C2784: 'std::basic_istream<_Elem,_Traits> &std::getline(std::basic_istream<_Elem,_Traits> &,std::basic_string<_Elem,_Traits,_Alloc> &,const _Elem)': could not deduce template argument for 'std::basic_string<_Elem,_Traits,_Alloc> &' from 'char [100]'
C:\Program Files (x86)\Microsoft Visual Studio\2019\Community\VC\Tools\MSVC\14.25.28610\include\string(76): message : see declaration of 'std::getline'
C:\Users\Asus\Desktop\SI-FMI-2019\OOP\OOP_practicum_homework1\OOP_practicum_homework1\MainFolder\Source.cpp(256,27): error C2780: 'std::basic_istream<_Elem,_Traits> &std::getline(std::basic_istream<_Elem,_Traits> &&,std::basic_string<_Elem,_Traits,_Alloc> &)': expects 2 arguments - 3 provided
C:\Program Files (x86)\Microsoft Visual Studio\2019\Community\VC\Tools\MSVC\14.25.28610\include\string(70): message : see declaration of 'std::getline'
C:\Users\Asus\Desktop\SI-FMI-2019\OOP\OOP_practicum_homework1\OOP_practicum_homework1\MainFolder\Source.cpp(256,27): error C2784: 'std::basic_istream<_Elem,_Traits> &std::getline(std::basic_istream<_Elem,_Traits> &&,std::basic_string<_Elem,_Traits,_Alloc> &,const _Elem)': could not deduce template argument for 'std::basic_string<_Elem,_Traits,_Alloc> &' from 'char [100]'
C:\Program Files (x86)\Microsoft Visual Studio\2019\Community\VC\Tools\MSVC\14.25.28610\include\string(27): message : see declaration of 'std::getline'
C:\Users\Asus\Desktop\SI-FMI-2019\OOP\OOP_practicum_homework1\OOP_practicum_homework1\MainFolder\Source.cpp(261,3): error C2672: 'getline': no matching overloaded function found
C:\Users\Asus\Desktop\SI-FMI-2019\OOP\OOP_practicum_homework1\OOP_practicum_homework1\MainFolder\Source.cpp(261,27): error C2780: 'std::basic_istream<_Elem,_Traits> &std::getline(std::basic_istream<_Elem,_Traits> &,std::basic_string<_Elem,_Traits,_Alloc> &)': expects 2 arguments - 3 provided
C:\Program Files (x86)\Microsoft Visual Studio\2019\Community\VC\Tools\MSVC\14.25.28610\include\string(82): message : see declaration of 'std::getline'
C:\Users\Asus\Desktop\SI-FMI-2019\OOP\OOP_practicum_homework1\OOP_practicum_homework1\MainFolder\Source.cpp(261,27): error C2784: 'std::basic_istream<_Elem,_Traits> &std::getline(std::basic_istream<_Elem,_Traits> &,std::basic_string<_Elem,_Traits,_Alloc> &,const _Elem)': could not deduce template argument for 'std::basic_string<_Elem,_Traits,_Alloc> &' from 'char [100]'
C:\Program Files (x86)\Microsoft Visual Studio\2019\Community\VC\Tools\MSVC\14.25.28610\include\string(76): message : see declaration of 'std::getline'
C:\Users\Asus\Desktop\SI-FMI-2019\OOP\OOP_practicum_homework1\OOP_practicum_homework1\MainFolder\Source.cpp(261,27): error C2780: 'std::basic_istream<_Elem,_Traits> &std::getline(std::basic_istream<_Elem,_Traits> &&,std::basic_string<_Elem,_Traits,_Alloc> &)': expects 2 arguments - 3 provided
C:\Program Files (x86)\Microsoft Visual Studio\2019\Community\VC\Tools\MSVC\14.25.28610\include\string(70): message : see declaration of 'std::getline'
C:\Users\Asus\Desktop\SI-FMI-2019\OOP\OOP_practicum_homework1\OOP_practicum_homework1\MainFolder\Source.cpp(261,27): error C2784: 'std::basic_istream<_Elem,_Traits> &std::getline(std::basic_istream<_Elem,_Traits> &&,std::basic_string<_Elem,_Traits,_Alloc> &,const _Elem)': could not deduce template argument for 'std::basic_string<_Elem,_Traits,_Alloc> &' from 'char [100]'
C:\Program Files (x86)\Microsoft Visual Studio\2019\Community\VC\Tools\MSVC\14.25.28610\include\string(27): message : see declaration of 'std::getline'
C:\Users\Asus\Desktop\SI-FMI-2019\OOP\OOP_practicum_homework1\OOP_practicum_homework1\MainFolder\Source.cpp(279,3): error C2672: 'getline': no matching overloaded function found
C:\Users\Asus\Desktop\SI-FMI-2019\OOP\OOP_practicum_homework1\OOP_practicum_homework1\MainFolder\Source.cpp(279,27): error C2780: 'std::basic_istream<_Elem,_Traits> &std::getline(std::basic_istream<_Elem,_Traits> &,std::basic_string<_Elem,_Traits,_Alloc> &)': expects 2 arguments - 3 provided
C:\Program Files (x86)\Microsoft Visual Studio\2019\Community\VC\Tools\MSVC\14.25.28610\include\string(82): message : see declaration of 'std::getline'
C:\Users\Asus\Desktop\SI-FMI-2019\OOP\OOP_practicum_homework1\OOP_practicum_homework1\MainFolder\Source.cpp(279,27): error C2784: 'std::basic_istream<_Elem,_Traits> &std::getline(std::basic_istream<_Elem,_Traits> &,std::basic_string<_Elem,_Traits,_Alloc> &,const _Elem)': could not deduce template argument for 'std::basic_string<_Elem,_Traits,_Alloc> &' from 'char [100]'
C:\Program Files (x86)\Microsoft Visual Studio\2019\Community\VC\Tools\MSVC\14.25.28610\include\string(76): message : see declaration of 'std::getline'
C:\Users\Asus\Desktop\SI-FMI-2019\OOP\OOP_practicum_homework1\OOP_practicum_homework1\MainFolder\Source.cpp(279,27): error C2780: 'std::basic_istream<_Elem,_Traits> &std::getline(std::basic_istream<_Elem,_Traits> &&,std::basic_string<_Elem,_Traits,_Alloc> &)': expects 2 arguments - 3 provided
C:\Program Files (x86)\Microsoft Visual Studio\2019\Community\VC\Tools\MSVC\14.25.28610\include\string(70): message : see declaration of 'std::getline'
C:\Users\Asus\Desktop\SI-FMI-2019\OOP\OOP_practicum_homework1\OOP_practicum_homework1\MainFolder\Source.cpp(279,27): error C2784: 'std::basic_istream<_Elem,_Traits> &std::getline(std::basic_istream<_Elem,_Traits> &&,std::basic_string<_Elem,_Traits,_Alloc> &,const _Elem)': could not deduce template argument for 'std::basic_string<_Elem,_Traits,_Alloc> &' from 'char [100]'
C:\Program Files (x86)\Microsoft Visual Studio\2019\Community\VC\Tools\MSVC\14.25.28610\include\string(27): message : see declaration of 'std::getline'
C:\Users\Asus\Desktop\SI-FMI-2019\OOP\OOP_practicum_homework1\OOP_practicum_homework1\MainFolder\Source.cpp(308,3): error C2672: 'getline': no matching overloaded function found
C:\Users\Asus\Desktop\SI-FMI-2019\OOP\OOP_practicum_homework1\OOP_practicum_homework1\MainFolder\Source.cpp(308,30): error C2780: 'std::basic_istream<_Elem,_Traits> &std::getline(std::basic_istream<_Elem,_Traits> &,std::basic_string<_Elem,_Traits,_Alloc> &)': expects 2 arguments - 3 provided
C:\Program Files (x86)\Microsoft Visual Studio\2019\Community\VC\Tools\MSVC\14.25.28610\include\string(82): message : see declaration of 'std::getline'
C:\Users\Asus\Desktop\SI-FMI-2019\OOP\OOP_practicum_homework1\OOP_practicum_homework1\MainFolder\Source.cpp(308,30): error C2784: 'std::basic_istream<_Elem,_Traits> &std::getline(std::basic_istream<_Elem,_Traits> &,std::basic_string<_Elem,_Traits,_Alloc> &,const _Elem)': could not deduce template argument for 'std::basic_string<_Elem,_Traits,_Alloc> &' from 'char [10]'
C:\Program Files (x86)\Microsoft Visual Studio\2019\Community\VC\Tools\MSVC\14.25.28610\include\string(76): message : see declaration of 'std::getline'
C:\Users\Asus\Desktop\SI-FMI-2019\OOP\OOP_practicum_homework1\OOP_practicum_homework1\MainFolder\Source.cpp(308,30): error C2780: 'std::basic_istream<_Elem,_Traits> &std::getline(std::basic_istream<_Elem,_Traits> &&,std::basic_string<_Elem,_Traits,_Alloc> &)': expects 2 arguments - 3 provided
C:\Program Files (x86)\Microsoft Visual Studio\2019\Community\VC\Tools\MSVC\14.25.28610\include\string(70): message : see declaration of 'std::getline'
C:\Users\Asus\Desktop\SI-FMI-2019\OOP\OOP_practicum_homework1\OOP_practicum_homework1\MainFolder\Source.cpp(308,30): error C2784: 'std::basic_istream<_Elem,_Traits> &std::getline(std::basic_istream<_Elem,_Traits> &&,std::basic_string<_Elem,_Traits,_Alloc> &,const _Elem)': could not deduce template argument for 'std::basic_string<_Elem,_Traits,_Alloc> &' from 'char [10]'
C:\Program Files (x86)\Microsoft Visual Studio\2019\Community\VC\Tools\MSVC\14.25.28610\include\string(27): message : see declaration of 'std::getline'
C:\Users\Asus\Desktop\SI-FMI-2019\OOP\OOP_practicum_homework1\OOP_practicum_homework1\MainFolder\Source.cpp(316,4): error C2672: 'getline': no matching overloaded function found
C:\Users\Asus\Desktop\SI-FMI-2019\OOP\OOP_practicum_homework1\OOP_practicum_homework1\MainFolder\Source.cpp(316,31): error C2780: 'std::basic_istream<_Elem,_Traits> &std::getline(std::basic_istream<_Elem,_Traits> &,std::basic_string<_Elem,_Traits,_Alloc> &)': expects 2 arguments - 3 provided
C:\Program Files (x86)\Microsoft Visual Studio\2019\Community\VC\Tools\MSVC\14.25.28610\include\string(82): message : see declaration of 'std::getline'
C:\Users\Asus\Desktop\SI-FMI-2019\OOP\OOP_practicum_homework1\OOP_practicum_homework1\MainFolder\Source.cpp(316,31): error C2784: 'std::basic_istream<_Elem,_Traits> &std::getline(std::basic_istream<_Elem,_Traits> &,std::basic_string<_Elem,_Traits,_Alloc> &,const _Elem)': could not deduce template argument for 'std::basic_string<_Elem,_Traits,_Alloc> &' from 'char [10]'
C:\Program Files (x86)\Microsoft Visual Studio\2019\Community\VC\Tools\MSVC\14.25.28610\include\string(76): message : see declaration of 'std::getline'
C:\Users\Asus\Desktop\SI-FMI-2019\OOP\OOP_practicum_homework1\OOP_practicum_homework1\MainFolder\Source.cpp(316,31): error C2780: 'std::basic_istream<_Elem,_Traits> &std::getline(std::basic_istream<_Elem,_Traits> &&,std::basic_string<_Elem,_Traits,_Alloc> &)': expects 2 arguments - 3 provided
C:\Program Files (x86)\Microsoft Visual Studio\2019\Community\VC\Tools\MSVC\14.25.28610\include\string(70): message : see declaration of 'std::getline'
C:\Users\Asus\Desktop\SI-FMI-2019\OOP\OOP_practicum_homework1\OOP_practicum_homework1\MainFolder\Source.cpp(316,31): error C2784: 'std::basic_istream<_Elem,_Traits> &std::getline(std::basic_istream<_Elem,_Traits> &&,std::basic_string<_Elem,_Traits,_Alloc> &,const _Elem)': could not deduce template argument for 'std::basic_string<_Elem,_Traits,_Alloc> &' from 'char [10]'
C:\Program Files (x86)\Microsoft Visual Studio\2019\Community\VC\Tools\MSVC\14.25.28610\include\string(27): message : see declaration of 'std::getline'
C:\Users\Asus\Desktop\SI-FMI-2019\OOP\OOP_practicum_homework1\OOP_practicum_homework1\MainFolder\Source.cpp(368,2): error C2672: 'getline': no matching overloaded function found
C:\Users\Asus\Desktop\SI-FMI-2019\OOP\OOP_practicum_homework1\OOP_practicum_homework1\MainFolder\Source.cpp(368,25): error C2780: 'std::basic_istream<_Elem,_Traits> &std::getline(std::basic_istream<_Elem,_Traits> &,std::basic_string<_Elem,_Traits,_Alloc> &)': expects 2 arguments - 3 provided
C:\Program Files (x86)\Microsoft Visual Studio\2019\Community\VC\Tools\MSVC\14.25.28610\include\string(82): message : see declaration of 'std::getline'
C:\Users\Asus\Desktop\SI-FMI-2019\OOP\OOP_practicum_homework1\OOP_practicum_homework1\MainFolder\Source.cpp(368,25): error C2782: 'std::basic_istream<_Elem,_Traits> &std::getline(std::basic_istream<_Elem,_Traits> &,std::basic_string<_Elem,_Traits,_Alloc> &,const _Elem)': template parameter '_Elem' is ambiguous
C:\Program Files (x86)\Microsoft Visual Studio\2019\Community\VC\Tools\MSVC\14.25.28610\include\string(76): message : see declaration of 'std::getline'
C:\Users\Asus\Desktop\SI-FMI-2019\OOP\OOP_practicum_homework1\OOP_practicum_homework1\MainFolder\Source.cpp(368,25): message : could be 'int'
C:\Users\Asus\Desktop\SI-FMI-2019\OOP\OOP_practicum_homework1\OOP_practicum_homework1\MainFolder\Source.cpp(368,25): message : or       'char'
C:\Users\Asus\Desktop\SI-FMI-2019\OOP\OOP_practicum_homework1\OOP_practicum_homework1\MainFolder\Source.cpp(368,25): error C2784: 'std::basic_istream<_Elem,_Traits> &std::getline(std::basic_istream<_Elem,_Traits> &,std::basic_string<_Elem,_Traits,_Alloc> &,const _Elem)': could not deduce template argument for 'const _Elem' from 'int'
C:\Program Files (x86)\Microsoft Visual Studio\2019\Community\VC\Tools\MSVC\14.25.28610\include\string(76): message : see declaration of 'std::getline'
C:\Users\Asus\Desktop\SI-FMI-2019\OOP\OOP_practicum_homework1\OOP_practicum_homework1\MainFolder\Source.cpp(368,25): error C2780: 'std::basic_istream<_Elem,_Traits> &std::getline(std::basic_istream<_Elem,_Traits> &&,std::basic_string<_Elem,_Traits,_Alloc> &)': expects 2 arguments - 3 provided
C:\Program Files (x86)\Microsoft Visual Studio\2019\Community\VC\Tools\MSVC\14.25.28610\include\string(70): message : see declaration of 'std::getline'
C:\Users\Asus\Desktop\SI-FMI-2019\OOP\OOP_practicum_homework1\OOP_practicum_homework1\MainFolder\Source.cpp(368,25): error C2782: 'std::basic_istream<_Elem,_Traits> &std::getline(std::basic_istream<_Elem,_Traits> &&,std::basic_string<_Elem,_Traits,_Alloc> &,const _Elem)': template parameter '_Elem' is ambiguous
C:\Program Files (x86)\Microsoft Visual Studio\2019\Community\VC\Tools\MSVC\14.25.28610\include\string(27): message : see declaration of 'std::getline'
C:\Users\Asus\Desktop\SI-FMI-2019\OOP\OOP_practicum_homework1\OOP_practicum_homework1\MainFolder\Source.cpp(368,25): message : could be 'int'
C:\Users\Asus\Desktop\SI-FMI-2019\OOP\OOP_practicum_homework1\OOP_practicum_homework1\MainFolder\Source.cpp(368,25): message : or       'char'
C:\Users\Asus\Desktop\SI-FMI-2019\OOP\OOP_practicum_homework1\OOP_practicum_homework1\MainFolder\Source.cpp(368,25): error C2784: 'std::basic_istream<_Elem,_Traits> &std::getline(std::basic_istream<_Elem,_Traits> &&,std::basic_string<_Elem,_Traits,_Alloc> &,const _Elem)': could not deduce template argument for 'const _Elem' from 'int'
C:\Program Files (x86)\Microsoft Visual Studio\2019\Community\VC\Tools\MSVC\14.25.28610\include\string(27): message : see declaration of 'std::getline'
  User.cpp
  Generating Code...
C:\Users\Asus\Desktop\SI-FMI-2019\OOP\OOP_practicum_homework1\OOP_practicum_homework1\MainFolder\List.hpp(145): warning C4715: 'List<ShoppingCart>::getAt': not all control paths return a value
